#
# There is insufficient memory for the Java Runtime Environment to continue.
# Native memory allocation (malloc) failed to allocate 635504 bytes for Chunk::new
# Possible reasons:
#   The system is out of physical RAM or swap space
#   In 32 bit mode, the process size limit was hit
# Possible solutions:
#   Reduce memory load on the system
#   Increase physical memory or swap space
#   Check if swap backing store is full
#   Use 64 bit Java on a 64 bit OS
#   Decrease Java heap size (-Xmx/-Xms)
#   Decrease number of Java threads
#   Decrease Java thread stack sizes (-Xss)
#   Set larger code cache with -XX:ReservedCodeCacheSize=
# This output file may be truncated or incomplete.
#
#  Out of Memory Error (allocation.cpp:390), pid=1472, tid=6016
#
# JRE version: Java(TM) SE Runtime Environment (8.0_51-b16) (build 1.8.0_51-b16)
# Java VM: Java HotSpot(TM) 64-Bit Server VM (25.51-b03 mixed mode windows-amd64 compressed oops)
# Failed to write core dump. Minidumps are not enabled by default on client versions of Windows
#

---------------  T H R E A D  ---------------

Current thread (0x00000000551c9000):  JavaThread "C2 CompilerThread0" daemon [_thread_in_native, id=6016, stack(0x0000000056c60000,0x0000000056d60000)]

Stack: [0x0000000056c60000,0x0000000056d60000]
Native frames: (J=compiled Java code, j=interpreted, Vv=VM code, C=native code)
V  [jvm.dll+0x32b4ca]
V  [jvm.dll+0x2797e3]
V  [jvm.dll+0x27a479]
V  [jvm.dll+0x271765]
V  [jvm.dll+0xcba02]
V  [jvm.dll+0xcbecc]
V  [jvm.dll+0x492ad7]
V  [jvm.dll+0x45f679]
V  [jvm.dll+0x46a7cb]
V  [jvm.dll+0x46cde2]
V  [jvm.dll+0x4501a2]
V  [jvm.dll+0xa43a2]
V  [jvm.dll+0xa4cdf]
V  [jvm.dll+0x2418a4]
V  [jvm.dll+0x29846a]
C  [msvcr100.dll+0x21d9f]
C  [msvcr100.dll+0x21e3b]
C  [kernel32.dll+0x159ed]
C  [ntdll.dll+0x2b371]


Current CompileTask:
C2:  49977 2529   !   4       com.android.dx.cf.code.Ropper::processBlock (1101 bytes)


---------------  P R O C E S S  ---------------

Java Threads: ( => current thread )
  0x000000000224f800 JavaThread "DestroyJavaVM" [_thread_blocked, id=2332, stack(0x0000000002370000,0x0000000002470000)]
  0x0000000056419000 JavaThread "Service Thread" daemon [_thread_blocked, id=972, stack(0x00000000570b0000,0x00000000571b0000)]
  0x00000000563a6800 JavaThread "C1 CompilerThread2" daemon [_thread_blocked, id=6188, stack(0x00000000567c0000,0x00000000568c0000)]
  0x00000000563a2800 JavaThread "C2 CompilerThread1" daemon [_thread_in_native, id=6880, stack(0x0000000056e30000,0x0000000056f30000)]
=>0x00000000551c9000 JavaThread "C2 CompilerThread0" daemon [_thread_in_native, id=6016, stack(0x0000000056c60000,0x0000000056d60000)]
  0x00000000551c7800 JavaThread "Attach Listener" daemon [_thread_blocked, id=8132, stack(0x0000000056b50000,0x0000000056c50000)]
  0x00000000551c4800 JavaThread "Signal Dispatcher" daemon [_thread_blocked, id=6960, stack(0x0000000056980000,0x0000000056a80000)]
  0x000000005516b800 JavaThread "Finalizer" daemon [_thread_blocked, id=6824, stack(0x0000000056130000,0x0000000056230000)]
  0x0000000055165000 JavaThread "Reference Handler" daemon [_thread_blocked, id=6168, stack(0x00000000562a0000,0x00000000563a0000)]

Other Threads:
  0x000000005515b800 VMThread [stack: 0x0000000055fc0000,0x00000000560c0000] [id=5340]
  0x000000005641d800 WatcherThread [stack: 0x0000000056f40000,0x0000000057040000] [id=7688]

VM state:not at safepoint (normal execution)

VM Mutex/Monitor currently owned by a thread: None

Heap:
 PSYoungGen      total 130560K, used 110551K [0x00000000eab00000, 0x00000000f3c00000, 0x0000000100000000)
  eden space 117248K, 82% used [0x00000000eab00000,0x00000000f09f7e08,0x00000000f1d80000)
  from space 13312K, 99% used [0x00000000f2c00000,0x00000000f38fde50,0x00000000f3900000)
  to   space 14848K, 0% used [0x00000000f1d80000,0x00000000f1d80000,0x00000000f2c00000)
 ParOldGen       total 74240K, used 53955K [0x00000000c0000000, 0x00000000c4880000, 0x00000000eab00000)
  object space 74240K, 72% used [0x00000000c0000000,0x00000000c34b0d78,0x00000000c4880000)
 Metaspace       used 7466K, capacity 7896K, committed 8192K, reserved 1056768K
  class space    used 693K, capacity 720K, committed 768K, reserved 1048576K

Card table byte_map: [0x0000000011b00000,0x0000000011d10000] byte_map_base: 0x0000000011500000

Marking Bits: (ParMarkBitMap*) 0x0000000069a14040
 Begin Bits: [0x00000000125d0000, 0x00000000135d0000)
 End Bits:   [0x00000000135d0000, 0x00000000145d0000)

Polling page: 0x0000000000330000

CodeCache: size=245760Kb used=11044Kb max_used=11044Kb free=234715Kb
 bounds [0x0000000002740000, 0x0000000003220000, 0x0000000011740000]
 total_blobs=2912 nmethods=2633 adapters=191
 compilation: enabled

Compilation events (10 events):
Event: 22.909 Thread 0x00000000563a6800 2625       3       java.util.concurrent.FutureTask$WaitNode::<init> (12 bytes)
Event: 22.909 Thread 0x00000000563a6800 nmethod 2625 0x00000000028ea1d0 code [0x00000000028ea340, 0x00000000028ea530]
Event: 22.923 Thread 0x00000000563a6800 2628       3       com.android.dx.rop.code.Rops::opConv (231 bytes)
Event: 22.925 Thread 0x00000000563a6800 nmethod 2628 0x0000000002e56f10 code [0x0000000002e57280, 0x0000000002e58f58]
Event: 22.934 Thread 0x00000000563a6800 2629       3       com.android.dx.dex.code.RopTranslator$TranslationVisitor::addOutputSuffix (9 bytes)
Event: 22.934 Thread 0x00000000563a6800 nmethod 2629 0x000000000292f850 code [0x000000000292fa00, 0x000000000292ffc8]
Event: 22.936 Thread 0x00000000563a6800 2630       1       com.android.dx.ssa.LiteralOpUpgrader$1::visitPhiInsn (1 bytes)
Event: 22.936 Thread 0x00000000563a6800 nmethod 2630 0x00000000029d1010 code [0x00000000029d1160, 0x00000000029d1270]
Event: 22.945 Thread 0x00000000563a6800 2631 %     3       com.android.dx.ssa.back.FirstFitLocalCombiningAllocator::getLocalItemForReg @ 15 (97 bytes)
Event: 22.945 Thread 0x00000000563a6800 nmethod 2631% 0x0000000002984290 code [0x00000000029844e0, 0x0000000002985478]

GC Heap History (10 events):
Event: 6.857 GC heap before
{Heap before GC invocations=5 (full 0):
 PSYoungGen      total 61440K, used 61409K [0x00000000eab00000, 0x00000000ee900000, 0x0000000100000000)
  eden space 59392K, 100% used [0x00000000eab00000,0x00000000ee500000,0x00000000ee500000)
  from space 2048K, 98% used [0x00000000ee700000,0x00000000ee8f85b0,0x00000000ee900000)
  to   space 2048K, 0% used [0x00000000ee500000,0x00000000ee500000,0x00000000ee700000)
 ParOldGen       total 38400K, used 12010K [0x00000000c0000000, 0x00000000c2580000, 0x00000000eab00000)
  object space 38400K, 31% used [0x00000000c0000000,0x00000000c0bbaa28,0x00000000c2580000)
 Metaspace       used 6049K, capacity 6960K, committed 7040K, reserved 1056768K
  class space    used 594K, capacity 616K, committed 640K, reserved 1048576K
Event: 7.026 GC heap after
Heap after GC invocations=5 (full 0):
 PSYoungGen      total 61440K, used 2017K [0x00000000eab00000, 0x00000000f3900000, 0x0000000100000000)
  eden space 59392K, 0% used [0x00000000eab00000,0x00000000eab00000,0x00000000ee500000)
  from space 2048K, 98% used [0x00000000ee500000,0x00000000ee6f85b0,0x00000000ee700000)
  to   space 13312K, 0% used [0x00000000f2c00000,0x00000000f2c00000,0x00000000f3900000)
 ParOldGen       total 38400K, used 20812K [0x00000000c0000000, 0x00000000c2580000, 0x00000000eab00000)
  object space 38400K, 54% used [0x00000000c0000000,0x00000000c1453300,0x00000000c2580000)
 Metaspace       used 6049K, capacity 6960K, committed 7040K, reserved 1056768K
  class space    used 594K, capacity 616K, committed 640K, reserved 1048576K
}
Event: 10.237 GC heap before
{Heap before GC invocations=6 (full 0):
 PSYoungGen      total 61440K, used 61409K [0x00000000eab00000, 0x00000000f3900000, 0x0000000100000000)
  eden space 59392K, 100% used [0x00000000eab00000,0x00000000ee500000,0x00000000ee500000)
  from space 2048K, 98% used [0x00000000ee500000,0x00000000ee6f85b0,0x00000000ee700000)
  to   space 13312K, 0% used [0x00000000f2c00000,0x00000000f2c00000,0x00000000f3900000)
 ParOldGen       total 38400K, used 20812K [0x00000000c0000000, 0x00000000c2580000, 0x00000000eab00000)
  object space 38400K, 54% used [0x00000000c0000000,0x00000000c1453300,0x00000000c2580000)
 Metaspace       used 6301K, capacity 7152K, committed 7296K, reserved 1056768K
  class space    used 595K, capacity 616K, committed 640K, reserved 1048576K
Event: 10.257 GC heap after
Heap after GC invocations=6 (full 0):
 PSYoungGen      total 130560K, used 11261K [0x00000000eab00000, 0x00000000f3c00000, 0x0000000100000000)
  eden space 117248K, 0% used [0x00000000eab00000,0x00000000eab00000,0x00000000f1d80000)
  from space 13312K, 84% used [0x00000000f2c00000,0x00000000f36ff508,0x00000000f3900000)
  to   space 14848K, 0% used [0x00000000f1d80000,0x00000000f1d80000,0x00000000f2c00000)
 ParOldGen       total 38400K, used 20812K [0x00000000c0000000, 0x00000000c2580000, 0x00000000eab00000)
  object space 38400K, 54% used [0x00000000c0000000,0x00000000c1453300,0x00000000c2580000)
 Metaspace       used 6301K, capacity 7152K, committed 7296K, reserved 1056768K
  class space    used 595K, capacity 616K, committed 640K, reserved 1048576K
}
Event: 19.163 GC heap before
{Heap before GC invocations=7 (full 0):
 PSYoungGen      total 130560K, used 128509K [0x00000000eab00000, 0x00000000f3c00000, 0x0000000100000000)
  eden space 117248K, 100% used [0x00000000eab00000,0x00000000f1d80000,0x00000000f1d80000)
  from space 13312K, 84% used [0x00000000f2c00000,0x00000000f36ff508,0x00000000f3900000)
  to   space 14848K, 0% used [0x00000000f1d80000,0x00000000f1d80000,0x00000000f2c00000)
 ParOldGen       total 38400K, used 20812K [0x00000000c0000000, 0x00000000c2580000, 0x00000000eab00000)
  object space 38400K, 54% used [0x00000000c0000000,0x00000000c1453300,0x00000000c2580000)
 Metaspace       used 6448K, capacity 7256K, committed 7424K, reserved 1056768K
  class space    used 615K, capacity 656K, committed 768K, reserved 1048576K
Event: 20.204 GC heap after
Heap after GC invocations=7 (full 0):
 PSYoungGen      total 132096K, used 14819K [0x00000000eab00000, 0x00000000f3c00000, 0x0000000100000000)
  eden space 117248K, 0% used [0x00000000eab00000,0x00000000eab00000,0x00000000f1d80000)
  from space 14848K, 99% used [0x00000000f1d80000,0x00000000f2bf8e88,0x00000000f2c00000)
  to   space 13312K, 0% used [0x00000000f2c00000,0x00000000f2c00000,0x00000000f3900000)
 ParOldGen       total 38400K, used 36232K [0x00000000c0000000, 0x00000000c2580000, 0x00000000eab00000)
  object space 38400K, 94% used [0x00000000c0000000,0x00000000c23622b0,0x00000000c2580000)
 Metaspace       used 6448K, capacity 7256K, committed 7424K, reserved 1056768K
  class space    used 615K, capacity 656K, committed 768K, reserved 1048576K
}
Event: 20.204 GC heap before
{Heap before GC invocations=8 (full 1):
 PSYoungGen      total 132096K, used 14819K [0x00000000eab00000, 0x00000000f3c00000, 0x0000000100000000)
  eden space 117248K, 0% used [0x00000000eab00000,0x00000000eab00000,0x00000000f1d80000)
  from space 14848K, 99% used [0x00000000f1d80000,0x00000000f2bf8e88,0x00000000f2c00000)
  to   space 13312K, 0% used [0x00000000f2c00000,0x00000000f2c00000,0x00000000f3900000)
 ParOldGen       total 38400K, used 36232K [0x00000000c0000000, 0x00000000c2580000, 0x00000000eab00000)
  object space 38400K, 94% used [0x00000000c0000000,0x00000000c23622b0,0x00000000c2580000)
 Metaspace       used 6448K, capacity 7256K, committed 7424K, reserved 1056768K
  class space    used 615K, capacity 656K, committed 768K, reserved 1048576K
Event: 22.334 GC heap after
Heap after GC invocations=8 (full 1):
 PSYoungGen      total 132096K, used 11131K [0x00000000eab00000, 0x00000000f3c00000, 0x0000000100000000)
  eden space 117248K, 0% used [0x00000000eab00000,0x00000000eab00000,0x00000000f1d80000)
  from space 14848K, 74% used [0x00000000f1d80000,0x00000000f285efd0,0x00000000f2c00000)
  to   space 13312K, 0% used [0x00000000f2c00000,0x00000000f2c00000,0x00000000f3900000)
 ParOldGen       total 74240K, used 37932K [0x00000000c0000000, 0x00000000c4880000, 0x00000000eab00000)
  object space 74240K, 51% used [0x00000000c0000000,0x00000000c250b0a0,0x00000000c4880000)
 Metaspace       used 6448K, capacity 7256K, committed 7424K, reserved 1056768K
  class space    used 615K, capacity 656K, committed 768K, reserved 1048576K
}
Event: 22.953 GC heap before
{Heap before GC invocations=9 (full 1):
 PSYoungGen      total 132096K, used 128379K [0x00000000eab00000, 0x00000000f3c00000, 0x0000000100000000)
  eden space 117248K, 100% used [0x00000000eab00000,0x00000000f1d80000,0x00000000f1d80000)
  from space 14848K, 74% used [0x00000000f1d80000,0x00000000f285efd0,0x00000000f2c00000)
  to   space 13312K, 0% used [0x00000000f2c00000,0x00000000f2c00000,0x00000000f3900000)
 ParOldGen       total 74240K, used 37932K [0x00000000c0000000, 0x00000000c4880000, 0x00000000eab00000)
  object space 74240K, 51% used [0x00000000c0000000,0x00000000c250b0a0,0x00000000c4880000)
 Metaspace       used 6461K, capacity 7256K, committed 7424K, reserved 1056768K
  class space    used 615K, capacity 656K, committed 768K, reserved 1048576K
Event: 24.016 GC heap after
Heap after GC invocations=9 (full 1):
 PSYoungGen      total 130560K, used 13303K [0x00000000eab00000, 0x00000000f3c00000, 0x0000000100000000)
  eden space 117248K, 0% used [0x00000000eab00000,0x00000000eab00000,0x00000000f1d80000)
  from space 13312K, 99% used [0x00000000f2c00000,0x00000000f38fde50,0x00000000f3900000)
  to   space 14848K, 0% used [0x00000000f1d80000,0x00000000f1d80000,0x00000000f2c00000)
 ParOldGen       total 74240K, used 53955K [0x00000000c0000000, 0x00000000c4880000, 0x00000000eab00000)
  object space 74240K, 72% used [0x00000000c0000000,0x00000000c34b0d78,0x00000000c4880000)
 Metaspace       used 6461K, capacity 7256K, committed 7424K, reserved 1056768K
  class space    used 615K, capacity 656K, committed 768K, reserved 1048576K
}

Deoptimization events (10 events):
Event: 17.725 Thread 0x0000000056697000 Uncommon trap: reason=bimorphic action=maybe_recompile pc=0x0000000002d56964 method=com.android.dx.ssa.LiteralOpUpgrader.tryReplacingWithConstant(Lcom/android/dx/ssa/NormalSsaInsn;)Z @ 62
Event: 17.727 Thread 0x0000000056697000 Uncommon trap: reason=bimorphic action=maybe_recompile pc=0x0000000002d56964 method=com.android.dx.ssa.LiteralOpUpgrader.tryReplacingWithConstant(Lcom/android/dx/ssa/NormalSsaInsn;)Z @ 62
Event: 19.105 Thread 0x000000005669d000 Uncommon trap: reason=null_check action=make_not_entrant pc=0x00000000029a16ec method=com.android.dx.cf.code.Ropper$CatchInfo.getSetup(Lcom/android/dx/rop/type/Type;)Lcom/android/dx/cf/code/Ropper$ExceptionHandlerSetup; @ 10
Event: 22.381 Thread 0x0000000056697000 Uncommon trap: reason=unstable_if action=reinterpret pc=0x0000000002d1de40 method=java.util.HashMap.putVal(ILjava/lang/Object;Ljava/lang/Object;ZZ)Ljava/lang/Object; @ 109
Event: 22.382 Thread 0x0000000056697000 Uncommon trap: reason=bimorphic action=maybe_recompile pc=0x0000000003138a24 method=com.android.dx.cf.code.BytecodeArray.parseInstruction(ILcom/android/dx/cf/code/BytecodeArray$Visitor;)I @ 971
Event: 22.382 Thread 0x0000000056697000 Uncommon trap: reason=bimorphic action=maybe_recompile pc=0x0000000003138a24 method=com.android.dx.cf.code.BytecodeArray.parseInstruction(ILcom/android/dx/cf/code/BytecodeArray$Visitor;)I @ 971
Event: 22.741 Thread 0x000000005669d000 Uncommon trap: reason=unstable_if action=reinterpret pc=0x0000000003158644 method=com.android.dx.ssa.PhiTypeResolver.run()V @ 91
Event: 22.795 Thread 0x000000005669d000 Uncommon trap: reason=unstable_if action=reinterpret pc=0x0000000002dc5364 method=com.android.dx.cf.code.BytecodeArray.parseInstruction(ILcom/android/dx/cf/code/BytecodeArray$Visitor;)I @ 1261
Event: 22.838 Thread 0x00000000571c1800 Uncommon trap: reason=unstable_if action=reinterpret pc=0x00000000030eb720 method=java.util.HashMap.getNode(ILjava/lang/Object;)Ljava/util/HashMap$Node; @ 84
Event: 22.902 Thread 0x000000000224f800 Uncommon trap: reason=unstable_if action=reinterpret pc=0x00000000030366e0 method=com.android.dx.cf.direct.StdAttributeFactory.parse0(Lcom/android/dx/cf/direct/DirectClassFile;ILjava/lang/String;IILcom/android/dx/cf/iface/ParseObserver;)Lcom/android/dx/cf/(ªr3ìπ1@

Internal exceptions (10 events):
Event: 0.034 Thread 0x000000000224f800 Exception <a 'java/lang/NoSuchMethodError': Method sun.misc.Unsafe.defineClass(Ljava/lang/String;[BII)Ljava/lang/Class; name or signature does not match> (0x00000000eab0d7f8) thrown at [C:\re\workspace\8-2-build-windows-amd64-cygwin\jdk8u51\3951\hotspot\srFÎ±eøç°?
Event: 0.034 Thread 0x000000000224f800 Exception <a 'java/lang/NoSuchMethodError': Method sun.misc.Unsafe.prefetchRead(Ljava/lang/Object;J)V name or signature does not match> (0x00000000eab0da88) thrown at [C:\re\workspace\8-2-build-windows-amd64-cygwin\jdk8u51\3951\hotspot\src\share\vm\prims\j;˚7º–@
Event: 5.203 Thread 0x0000000056697000 Implicit null exception at 0x0000000002b94f2e to 0x0000000002b96605
Event: 5.203 Thread 0x0000000056697000 Implicit null exception at 0x0000000002b678dd to 0x0000000002b68ce1
Event: 11.290 Thread 0x000000005669d000 Implicit null exception at 0x0000000002d62751 to 0x0000000002d63b7d
Event: 11.460 Thread 0x00000000566a0800 Implicit null exception at 0x0000000002d5e78d to 0x0000000002d5fd65
Event: 13.147 Thread 0x00000000566a0800 Exception <a 'java/lang/ArrayIndexOutOfBoundsException': 18> (0x00000000ef246228) thrown at [C:\re\workspace\8-2-build-windows-amd64-cygwin\jdk8u51\3951\hotspot\src\share\vm\interpreter\interpreterRuntime.cpp, line 366]
Event: 13.148 Thread 0x00000000566a0800 Exception <a 'java/lang/ArrayIndexOutOfBoundsException'> (0x00000000ef247cf8) thrown at [C:\re\workspace\8-2-build-windows-amd64-cygwin\jdk8u51\3951\hotspot\src\share\vm\runtime\sharedRuntime.cpp, line 605]
Event: 13.966 Thread 0x00000000566a0800 Exception <a 'java/lang/ArrayIndexOutOfBoundsException'> (0x00000000ef248f30) thrown at [C:\re\workspace\8-2-build-windows-amd64-cygwin\jdk8u51\3951\hotspot\src\share\vm\runtime\sharedRuntime.cpp, line 605]
Event: 19.105 Thread 0x000000005669d000 Implicit null exception at 0x000000000299b244 to 0x00000000029a16a5

Events (10 events):
Event: 22.795 Thread 0x000000005669d000 DEOPT UNPACKING pc=0x000000000278582a sp=0x0000000057f8eb58 mode 2
Event: 22.800 Thread 0x00000000571c1800 DEOPT PACKING pc=0x0000000002c7193b sp=0x0000000057bce9e0
Event: 22.800 Thread 0x00000000571c1800 DEOPT UNPACKING pc=0x000000000278787f sp=0x0000000057bce750 mode 0
Event: 22.838 Thread 0x00000000571c1800 Uncommon trap: trap_request=0xffffff65 fr.pc=0x00000000030eb720
Event: 22.838 Thread 0x00000000571c1800 DEOPT PACKING pc=0x00000000030eb720 sp=0x0000000057bce860
Event: 22.838 Thread 0x00000000571c1800 DEOPT UNPACKING pc=0x000000000278582a sp=0x0000000057bce738 mode 2
Event: 22.902 Thread 0x000000000224f800 Uncommon trap: trap_request=0xffffff65 fr.pc=0x00000000030366e0
Event: 22.902 Thread 0x000000000224f800 DEOPT PACKING pc=0x00000000030366e0 sp=0x000000000246e2f0
Event: 22.902 Thread 0x000000000224f800 DEOPT UNPACKING pc=0x000000000278582a sp=0x000000000246e298 mode 2
Event: 22.952 Executing VM operation: ParallelGCFailedAllocation


Dynamic libraries:
0x000000013f050000 - 0x000000013f087000 	C:\Program Files\Java\jdk1.8.0_51\bin\java.exe
0x0000000077c50000 - 0x0000000077dfa000 	C:\Windows\SYSTEM32\ntdll.dll
0x0000000077b30000 - 0x0000000077c4f000 	C:\Windows\system32\kernel32.dll
0x000007fefda60000 - 0x000007fefdacb000 	C:\Windows\system32\KERNELBASE.dll
0x000007fefeb70000 - 0x000007fefec4b000 	C:\Windows\system32\ADVAPI32.dll
0x000007feffcf0000 - 0x000007feffd8f000 	C:\Windows\system32\msvcrt.dll
0x000007feffcd0000 - 0x000007feffcef000 	C:\Windows\SYSTEM32\sechost.dll
0x000007feff250000 - 0x000007feff37d000 	C:\Windows\system32\RPCRT4.dll
0x0000000077a30000 - 0x0000000077b2a000 	C:\Windows\system32\USER32.dll
0x000007feffe70000 - 0x000007feffed7000 	C:\Windows\system32\GDI32.dll
0x000007feffa50000 - 0x000007feffa5e000 	C:\Windows\system32\LPK.dll
0x000007feff5f0000 - 0x000007feff6ba000 	C:\Windows\system32\USP10.dll
0x000007fefc3f0000 - 0x000007fefc5e4000 	C:\Windows\WinSxS\amd64_microsoft.windows.common-controls_6595b64144ccf1df_6.0.7601.18837_none_fa3b1e3d17594757\COMCTL32.dll
0x000007fefed60000 - 0x000007fefedd1000 	C:\Windows\system32\SHLWAPI.dll
0x000007feffd90000 - 0x000007feffdbe000 	C:\Windows\system32\IMM32.DLL
0x000007fefec50000 - 0x000007fefed59000 	C:\Windows\system32\MSCTF.dll
0x0000000064550000 - 0x0000000064622000 	C:\Program Files\Java\jdk1.8.0_51\jre\bin\msvcr100.dll
0x0000000069210000 - 0x0000000069a93000 	C:\Program Files\Java\jdk1.8.0_51\jre\bin\server\jvm.dll
0x000007feeb190000 - 0x000007feeb199000 	C:\Windows\system32\WSOCK32.dll
0x000007fefdd90000 - 0x000007fefdddd000 	C:\Windows\system32\WS2_32.dll
0x000007feffdc0000 - 0x000007feffdc8000 	C:\Windows\system32\NSI.dll
0x000007fefb770000 - 0x000007fefb7ab000 	C:\Windows\system32\WINMM.dll
0x000007fefcab0000 - 0x000007fefcabc000 	C:\Windows\system32\VERSION.dll
0x0000000077e20000 - 0x0000000077e27000 	C:\Windows\system32\PSAPI.DLL
0x0000000072460000 - 0x000000007246f000 	C:\Program Files\Java\jdk1.8.0_51\jre\bin\verify.dll
0x0000000072430000 - 0x0000000072459000 	C:\Program Files\Java\jdk1.8.0_51\jre\bin\java.dll
0x0000000072410000 - 0x0000000072426000 	C:\Program Files\Java\jdk1.8.0_51\jre\bin\zip.dll
0x000007fefdde0000 - 0x000007fefeb6a000 	C:\Windows\system32\SHELL32.dll
0x000007feffac0000 - 0x000007feffcc3000 	C:\Windows\system32\ole32.dll
0x000007fefd9e0000 - 0x000007fefd9ef000 	C:\Windows\system32\profapi.dll
0x000007fedf370000 - 0x000007fedf495000 	C:\Windows\system32\dbghelp.dll

VM Arguments:
jvm_args: -Djava.awt.headless=true -Xmx1024M -Dfile.encoding=windows-1252 -Duser.country=BR -Duser.language=pt -Duser.variant 
java_command: com.android.dx.command.Main --dex --force-jumbo --num-threads=4 --output R:\AdmCorporativa\Sistemas\Scripts\Rafael\Rohr\app\build\intermediates\pre-dexed\debug\com.android.support-support-v4-23.4.0_5c8d063061dc85b392816a0d135bd9651102dd5d.jar R:\AdmCorporativa\Sistemas\Scripts\Rafael\Rohr\app\build\intermediates\exploded-aar\com.android.support\support-v4\23.4.0\jars\classes.jar
java_class_path (initial): C:\Users\rafael.marques\AppData\Local\Android\Sdk\build-tools\23.0.3\lib\dx.jar
Launcher Type: SUN_STANDARD

Environment Variables:
PATH=C:\ProgramData\Oracle\Java\javapath;C:\Windows\system32;C:\Windows;C:\Windows\System32\Wbem;C:\Windows\System32\WindowsPowerShell\v1.0\;C:\Program Files\TortoiseSVN\bin;C:\Program Files (x86)\Microsoft SQL Server\100\Tools\Binn\VSShell\Common7\IDE\;C:\Program Files (x86)\Microsoft SQL Server\100\Tools\Binn\;C:\Program Files\Microsoft SQL Server\100\Tools\Binn\;C:\Program Files (x86)\Microsoft Visual Studio 9.0\Common7\IDE\PrivateAssemblies\;C:\Program Files (x86)\Microsoft SQL Server\100\DTS\Binn\;C:\Program Files\Microsoft SQL Server\120\Tools\Binn\;C:\Program Files\Microsoft SQL Server\Client SDK\ODBC\110\Tools\Binn\;C:\Program Files (x86)\Microsoft SQL Server\120\Tools\Binn\;C:\Program Files\Microsoft SQL Server\120\DTS\Binn\;C:\Program Files (x86)\Microsoft SQL Server\120\Tools\Binn\ManagementStudio\;C:\Program Files (x86)\Microsoft SQL Server\120\DTS\Binn\;C:\Program Files (x86)\Microsoft ASP.NET\ASP.NET Web Pages\v1.0\;C:\Program Files\Microsoft\Web Platform Installer\
USERNAME=rafael.marques
OS=Windows_NT
PROCESSOR_IDENTIFIER=Intel64 Family 6 Model 42 Stepping 7, GenuineIntel



---------------  S Y S T E M  ---------------

OS: Windows 7 , 64 bit Build 7601 (6.1.7601.19135)

CPU:total 4 (4 cores per cpu, 1 threads per core) family 6 model 42 stepping 7, cmov, cx8, fxsr, mmx, sse, sse2, sse3, ssse3, sse4.1, sse4.2, popcnt, avx, aes, clmul, tsc, tscinvbit

Memory: 4k page, physical 3644644k(599600k free), swap 8247636k(1537412k free)

vm_info: Java HotSpot(TM) 64-Bit Server VM (25.51-b03) for windows-amd64 JRE (1.8.0_51-b16), built on Jun  8 2015 18:03:07 by "java_re" with MS VC++ 10.0 (VS2010)

time: Tue Jun 14 15:11:58 2016
elapsed time: 50 seconds (0d 0h 0m 50s)

